Oct 07, 2017 6:48:58 PM Logs.Log generateLogFileServer
INFO: Account created MBC1000
Oct 07, 2017 6:48:58 PM Logs.Log generateLogFileServer
INFO: Account created MBC1001
Oct 07, 2017 6:48:58 PM Logs.Log generateLogFileServer
INFO: Account created MBC1002
Oct 07, 2017 6:48:58 PM Logs.Log generateLogFileServer
INFO: Account created MBC1003
Oct 07, 2017 6:48:58 PM Logs.Log generateLogFileServer
INFO: Account created MBC1004
Oct 07, 2017 6:52:26 PM Logs.Log generateLogFileServer
INFO: Account created MBC1000
Oct 07, 2017 6:52:26 PM Logs.Log generateLogFileServer
INFO: Account created MBC1001
Oct 07, 2017 6:52:26 PM Logs.Log generateLogFileServer
INFO: Account created MBC1002
Oct 07, 2017 6:52:26 PM Logs.Log generateLogFileServer
INFO: Account created MBC1003
Oct 07, 2017 6:52:26 PM Logs.Log generateLogFileServer
INFO: Account created MBC1004
Oct 07, 2017 7:32:03 PM Logs.Log generateLogFileServer
INFO: Account created MBC1000
Oct 07, 2017 7:32:03 PM Logs.Log generateLogFileServer
INFO: Account created MBC1001
Oct 07, 2017 7:32:03 PM Logs.Log generateLogFileServer
INFO: Account created MBC1002
Oct 07, 2017 7:32:03 PM Logs.Log generateLogFileServer
INFO: Account created MBC1003
Oct 07, 2017 7:32:03 PM Logs.Log generateLogFileServer
INFO: Account created MBC1004
Oct 08, 2017 11:47:17 AM Logs.Log generateLogFileServer
INFO: Account created MBC1000
Oct 08, 2017 11:47:17 AM Logs.Log generateLogFileServer
INFO: Account created MBC1001
Oct 08, 2017 11:47:17 AM Logs.Log generateLogFileServer
INFO: Account created MBC1002
Oct 08, 2017 11:47:17 AM Logs.Log generateLogFileServer
INFO: Account created MBC1003
Oct 08, 2017 11:47:17 AM Logs.Log generateLogFileServer
INFO: Account created MBC1004
Oct 08, 2017 6:15:32 PM Logs.Log generateLogFileServer
INFO: Account created MBC1000
Oct 08, 2017 6:15:33 PM Logs.Log generateLogFileServer
INFO: Account created MBC1001
Oct 08, 2017 6:15:33 PM Logs.Log generateLogFileServer
INFO: Account created MBC1002
Oct 08, 2017 6:15:33 PM Logs.Log generateLogFileServer
INFO: Account created MBC1003
Oct 08, 2017 6:15:33 PM Logs.Log generateLogFileServer
INFO: Account created MBC1004
Oct 08, 2017 11:21:53 PM Logs.Log generateLogFileServer
INFO: Account created MBC1000
Oct 08, 2017 11:21:53 PM Logs.Log generateLogFileServer
INFO: Account created MBC1001
Oct 08, 2017 11:21:53 PM Logs.Log generateLogFileServer
INFO: Account created MBC1002
Oct 08, 2017 11:21:53 PM Logs.Log generateLogFileServer
INFO: Account created MBC1003
Oct 08, 2017 11:21:53 PM Logs.Log generateLogFileServer
INFO: Account created MBC1004
Oct 10, 2017 4:02:31 PM Logs.Log generateLogFileServer
INFO: Account created MBC1000
Oct 10, 2017 4:02:31 PM Logs.Log generateLogFileServer
INFO: Account created MBC1001
Oct 10, 2017 4:02:31 PM Logs.Log generateLogFileServer
INFO: Account created MBC1002
Oct 10, 2017 4:02:31 PM Logs.Log generateLogFileServer
INFO: Account created MBC1003
Oct 10, 2017 4:02:31 PM Logs.Log generateLogFileServer
INFO: Account created MBC1004
Oct 10, 2017 4:50:07 PM Logs.Log generateLogFileServer
INFO: Account created MBC1005
Oct 10, 2017 4:50:07 PM Logs.Log generateLogFileServer
INFO: Account created MBC1006
Oct 10, 2017 4:50:07 PM Logs.Log generateLogFileServer
INFO: Account created MBC1007
Oct 10, 2017 4:50:07 PM Logs.Log generateLogFileServer
INFO: Account created MBC1008
Oct 10, 2017 4:50:07 PM Logs.Log generateLogFileServer
INFO: Account created MBC1009
Oct 10, 2017 5:48:09 PM Logs.Log generateLogFileServer
INFO: Account created MBC1000
Oct 10, 2017 5:48:09 PM Logs.Log generateLogFileServer
INFO: Account created MBC1001
Oct 10, 2017 5:48:09 PM Logs.Log generateLogFileServer
INFO: Account created MBC1002
Oct 10, 2017 5:48:09 PM Logs.Log generateLogFileServer
INFO: Account created MBC1003
Oct 10, 2017 5:48:09 PM Logs.Log generateLogFileServer
INFO: Account created MBC1004
Oct 10, 2017 5:58:57 PM Logs.Log generateLogFileServer
INFO: Account created MBC1000
Oct 26, 2017 5:59:48 PM Log.Log generateLogFileServer
INFO: Account created NBC1000
Oct 26, 2017 5:59:48 PM Log.Log generateLogFileServer
INFO: Account created NBC1001
Oct 26, 2017 5:59:48 PM Log.Log generateLogFileServer
INFO: Account created NBC1002
Oct 26, 2017 5:59:48 PM Log.Log generateLogFileServer
INFO: Account created NBC1003
Oct 26, 2017 5:59:48 PM Log.Log generateLogFileServer
INFO: Account created NBC1004
Oct 26, 2017 6:04:52 PM Log.Log generateLogFileServer
INFO: Account created NBC1000
Oct 26, 2017 6:04:52 PM Log.Log generateLogFileServer
INFO: Account created NBC1001
Oct 26, 2017 6:04:52 PM Log.Log generateLogFileServer
INFO: Account created NBC1002
Oct 26, 2017 6:04:52 PM Log.Log generateLogFileServer
INFO: Account created NBC1003
Oct 26, 2017 6:04:52 PM Log.Log generateLogFileServer
INFO: Account created NBC1004
Oct 26, 2017 6:12:36 PM Log.Log generateLogFileServer
INFO: Account created NBC1000
Oct 26, 2017 6:12:36 PM Log.Log generateLogFileServer
INFO: Account created NBC1001
Oct 26, 2017 6:12:36 PM Log.Log generateLogFileServer
INFO: Account created NBC1002
Oct 26, 2017 6:12:36 PM Log.Log generateLogFileServer
INFO: Account created NBC1003
Oct 26, 2017 6:12:36 PM Log.Log generateLogFileServer
INFO: Account created NBC1004
Oct 26, 2017 6:13:59 PM Log.Log generateLogFileServer
INFO: Account created NBC1000
Oct 26, 2017 6:13:59 PM Log.Log generateLogFileServer
INFO: Account created NBC1001
Oct 26, 2017 6:13:59 PM Log.Log generateLogFileServer
INFO: Account created NBC1002
Oct 26, 2017 6:13:59 PM Log.Log generateLogFileServer
INFO: Account created NBC1003
Oct 26, 2017 6:13:59 PM Log.Log generateLogFileServer
INFO: Account created NBC1004
Oct 26, 2017 6:16:13 PM Log.Log generateLogFileServer
INFO: Account created NBC1000
Oct 26, 2017 6:16:13 PM Log.Log generateLogFileServer
INFO: Account created NBC1001
Oct 26, 2017 6:16:13 PM Log.Log generateLogFileServer
INFO: Account created NBC1002
Oct 26, 2017 6:16:13 PM Log.Log generateLogFileServer
INFO: Account created NBC1003
Oct 26, 2017 6:16:13 PM Log.Log generateLogFileServer
INFO: Account created NBC1004
Oct 26, 2017 6:20:25 PM Log.Log generateLogFileServer
INFO: Account created NBC1000
Oct 26, 2017 6:20:25 PM Log.Log generateLogFileServer
INFO: Account created NBC1001
Oct 26, 2017 6:20:25 PM Log.Log generateLogFileServer
INFO: Account created NBC1002
Oct 26, 2017 6:20:25 PM Log.Log generateLogFileServer
INFO: Account created NBC1003
Oct 26, 2017 6:20:25 PM Log.Log generateLogFileServer
INFO: Account created NBC1004
Oct 27, 2017 2:55:04 PM Log.Log generateLogFileServer
INFO: Account created NBC1000
Oct 27, 2017 2:55:04 PM Log.Log generateLogFileServer
INFO: Account created NBC1001
Oct 27, 2017 2:55:04 PM Log.Log generateLogFileServer
INFO: Account created NBC1002
Oct 27, 2017 2:55:04 PM Log.Log generateLogFileServer
INFO: Account created NBC1003
Oct 27, 2017 2:55:04 PM Log.Log generateLogFileServer
INFO: Account created NBC1004
Oct 27, 2017 3:23:19 PM Log.Log generateLogFileServer
INFO: Account created NBC1000
Oct 27, 2017 3:23:19 PM Log.Log generateLogFileServer
INFO: Account created NBC1001
Oct 27, 2017 3:23:19 PM Log.Log generateLogFileServer
INFO: Account created NBC1002
Oct 27, 2017 3:23:19 PM Log.Log generateLogFileServer
INFO: Account created NBC1003
Oct 27, 2017 3:23:19 PM Log.Log generateLogFileServer
INFO: Account created NBC1004
Oct 27, 2017 4:05:18 PM Log.Log generateLogFileServer
INFO: Account created NBC1000
Oct 27, 2017 4:05:18 PM Log.Log generateLogFileServer
INFO: Account created NBC1001
Oct 27, 2017 4:05:18 PM Log.Log generateLogFileServer
INFO: Account created NBC1002
Oct 27, 2017 4:05:18 PM Log.Log generateLogFileServer
INFO: Account created NBC1003
Oct 27, 2017 4:05:18 PM Log.Log generateLogFileServer
INFO: Account created NBC1004
Oct 27, 2017 4:26:40 PM Log.Log generateLogFileServer
INFO: Account created NBC1000
Oct 27, 2017 4:26:40 PM Log.Log generateLogFileServer
INFO: Account created NBC1001
Oct 27, 2017 4:26:40 PM Log.Log generateLogFileServer
INFO: Account created NBC1002
Oct 27, 2017 4:26:40 PM Log.Log generateLogFileServer
INFO: Account created NBC1003
Oct 27, 2017 4:26:41 PM Log.Log generateLogFileServer
INFO: Account created NBC1004
Oct 27, 2017 6:26:13 PM Log.Log generateLogFileServer
INFO: Account created NBC1000
Oct 27, 2017 6:26:14 PM Log.Log generateLogFileServer
INFO: Account created NBC1001
Oct 27, 2017 6:26:14 PM Log.Log generateLogFileServer
INFO: Account created NBC1002
Oct 27, 2017 6:26:14 PM Log.Log generateLogFileServer
INFO: Account created NBC1003
Oct 27, 2017 6:26:14 PM Log.Log generateLogFileServer
INFO: Account created NBC1004
Oct 27, 2017 7:38:46 PM Log.Log generateLogFileServer
INFO: Account created NBC1000
Oct 27, 2017 7:38:46 PM Log.Log generateLogFileServer
INFO: Account created NBC1001
Oct 27, 2017 7:38:46 PM Log.Log generateLogFileServer
INFO: Account created NBC1002
Oct 27, 2017 7:38:46 PM Log.Log generateLogFileServer
INFO: Account created NBC1003
Oct 27, 2017 7:38:46 PM Log.Log generateLogFileServer
INFO: Account created NBC1004
Oct 27, 2017 8:46:46 PM Log.Log generateLogFileServer
INFO: Account created NBC1000
Oct 27, 2017 8:46:46 PM Log.Log generateLogFileServer
INFO: Account created NBC1001
Oct 27, 2017 8:46:46 PM Log.Log generateLogFileServer
INFO: Account created NBC1002
Oct 27, 2017 8:46:46 PM Log.Log generateLogFileServer
INFO: Account created NBC1003
Oct 27, 2017 8:46:46 PM Log.Log generateLogFileServer
INFO: Account created NBC1004
Oct 27, 2017 8:49:06 PM Log.Log generateLogFileServer
INFO: Deposit failed MBC1000
Oct 27, 2017 8:54:33 PM Log.Log generateLogFileServer
INFO: Account created MBC1000
Oct 27, 2017 8:54:33 PM Log.Log generateLogFileServer
INFO: Account created MBC1001
Oct 27, 2017 8:54:33 PM Log.Log generateLogFileServer
INFO: Account created MBC1002
Oct 27, 2017 8:54:33 PM Log.Log generateLogFileServer
INFO: Account created MBC1003
Oct 27, 2017 8:54:33 PM Log.Log generateLogFileServer
INFO: Account created MBC1004
Oct 27, 2017 8:55:04 PM Log.Log generateLogFileServer
INFO: Deposit made for MBC1000
Oct 27, 2017 8:55:04 PM Log.Log generateLogFileServer
INFO: Get balance for MBC1000
Oct 27, 2017 8:55:27 PM Log.Log generateLogFileServer
INFO: Get balance for MBC1000
Oct 27, 2017 8:55:53 PM Log.Log generateLogFileServer
INFO: Deposit made for MBC1000
Oct 27, 2017 8:55:53 PM Log.Log generateLogFileServer
INFO: Get balance for MBC1000
Oct 27, 2017 8:56:07 PM Log.Log generateLogFileServer
INFO: Get balance for MBC1000
Oct 27, 2017 8:56:07 PM Log.Log generateLogFileServer
INFO: Manager Autocalled transfer money for MBC1000to NBC1000
Oct 27, 2017 9:19:39 PM Log.Log generateLogFileServer
INFO: Account created MBC1005
Oct 27, 2017 9:19:39 PM Log.Log generateLogFileServer
INFO: Account created MBC1006
Oct 27, 2017 9:19:39 PM Log.Log generateLogFileServer
INFO: Account created MBC1007
Oct 27, 2017 9:19:39 PM Log.Log generateLogFileServer
INFO: Account created MBC1008
Oct 27, 2017 9:19:39 PM Log.Log generateLogFileServer
INFO: Account created MBC1009
Oct 27, 2017 9:23:47 PM Log.Log generateLogFileServer
INFO: Account created MBC1010
Oct 27, 2017 9:23:47 PM Log.Log generateLogFileServer
INFO: Account created MBC1011
Oct 27, 2017 9:23:47 PM Log.Log generateLogFileServer
INFO: Account created MBC1012
Oct 27, 2017 9:23:47 PM Log.Log generateLogFileServer
INFO: Account created MBC1013
Oct 27, 2017 9:23:47 PM Log.Log generateLogFileServer
INFO: Account created MBC1014
Oct 27, 2017 9:25:14 PM Log.Log generateLogFileServer
INFO: Account created MBC1015
Oct 27, 2017 9:25:14 PM Log.Log generateLogFileServer
INFO: Account created MBC1016
Oct 27, 2017 9:25:14 PM Log.Log generateLogFileServer
INFO: Account created MBC1017
Oct 27, 2017 9:25:14 PM Log.Log generateLogFileServer
INFO: Account created MBC1018
Oct 27, 2017 9:25:14 PM Log.Log generateLogFileServer
INFO: Account created MBC1019
Oct 27, 2017 9:27:01 PM Log.Log generateLogFileServer
INFO: Account created MBC1020
Oct 27, 2017 9:27:01 PM Log.Log generateLogFileServer
INFO: Account created MBC1021
Oct 27, 2017 9:27:01 PM Log.Log generateLogFileServer
INFO: Account created MBC1022
Oct 27, 2017 9:27:01 PM Log.Log generateLogFileServer
INFO: Account created MBC1023
Oct 27, 2017 9:27:01 PM Log.Log generateLogFileServer
INFO: Account created MBC1024
Oct 27, 2017 9:33:32 PM Log.Log generateLogFileServer
INFO: Get balance for MBC1000
Oct 27, 2017 9:34:06 PM Log.Log generateLogFileServer
INFO: Get balance for MBC1000
Oct 27, 2017 9:34:06 PM Log.Log generateLogFileServer
INFO: Manager MBM1000called transfer money for MBC1000to QCC1000
Oct 27, 2017 9:34:18 PM Log.Log generateLogFileServer
INFO: Get balance for MBC1000
Oct 27, 2017 9:45:42 PM Log.Log generateLogFileServer
INFO: Account created MBC1000
Oct 27, 2017 9:45:42 PM Log.Log generateLogFileServer
INFO: Account created MBC1001
Oct 27, 2017 9:45:42 PM Log.Log generateLogFileServer
INFO: Account created MBC1002
Oct 27, 2017 9:45:42 PM Log.Log generateLogFileServer
INFO: Account created MBC1003
Oct 27, 2017 9:45:42 PM Log.Log generateLogFileServer
INFO: Account created MBC1004
Oct 27, 2017 9:46:05 PM Log.Log generateLogFileServer
INFO: Account created MBC1005
Oct 27, 2017 9:46:05 PM Log.Log generateLogFileServer
INFO: Account created MBC1006
Oct 27, 2017 9:46:05 PM Log.Log generateLogFileServer
INFO: Account created MBC1007
Oct 27, 2017 9:46:05 PM Log.Log generateLogFileServer
INFO: Account created MBC1008
Oct 27, 2017 9:46:05 PM Log.Log generateLogFileServer
INFO: Account created MBC1009
Oct 27, 2017 9:52:23 PM Log.Log generateLogFileServer
INFO: Account created MBC1000
Oct 27, 2017 9:52:23 PM Log.Log generateLogFileServer
INFO: Account created MBC1001
Oct 27, 2017 9:52:23 PM Log.Log generateLogFileServer
INFO: Account created MBC1002
Oct 27, 2017 9:52:23 PM Log.Log generateLogFileServer
INFO: Account created MBC1003
Oct 27, 2017 9:52:23 PM Log.Log generateLogFileServer
INFO: Account created MBC1004
Oct 27, 2017 9:52:40 PM Log.Log generateLogFileServer
INFO: Deposit made for MBC1000
Oct 27, 2017 9:52:40 PM Log.Log generateLogFileServer
INFO: Get balance for MBC1000
Oct 27, 2017 9:52:59 PM Log.Log generateLogFileServer
INFO: Get balance for MBC1000
Oct 27, 2017 9:52:59 PM Log.Log generateLogFileServer
INFO: Manager MBM1000called transfer money for MBC1000to QCC1000
Oct 29, 2017 3:17:06 PM Log.Log generateLogFileServer
INFO: Account created MBC1000
Oct 29, 2017 3:17:06 PM Log.Log generateLogFileServer
INFO: Account created MBC1001
Oct 29, 2017 3:17:06 PM Log.Log generateLogFileServer
INFO: Account created MBC1002
Oct 29, 2017 3:17:06 PM Log.Log generateLogFileServer
INFO: Account created MBC1003
Oct 29, 2017 3:17:06 PM Log.Log generateLogFileServer
INFO: Account created MBC1004
Oct 29, 2017 7:52:57 PM Log.Log generateLogFileServer
INFO: Account created MBC1000
Oct 29, 2017 7:52:57 PM Log.Log generateLogFileServer
INFO: Account created MBC1001
Oct 29, 2017 7:52:57 PM Log.Log generateLogFileServer
INFO: Account created MBC1002
Oct 29, 2017 7:52:57 PM Log.Log generateLogFileServer
INFO: Account created MBC1003
Oct 29, 2017 7:52:57 PM Log.Log generateLogFileServer
INFO: Account created MBC1004
Oct 29, 2017 8:55:01 PM Log.Log generateLogFileServer
INFO: Account created MBC1000
Oct 29, 2017 8:55:01 PM Log.Log generateLogFileServer
INFO: Account created MBC1001
Oct 29, 2017 8:55:01 PM Log.Log generateLogFileServer
INFO: Account created MBC1002
Oct 29, 2017 8:55:01 PM Log.Log generateLogFileServer
INFO: Account created MBC1003
Oct 29, 2017 8:55:01 PM Log.Log generateLogFileServer
INFO: Account created MBC1004
Nov 01, 2017 2:17:53 PM Log.Log generateLogFileServer
INFO: Account created MBC1000
Nov 01, 2017 2:17:53 PM Log.Log generateLogFileServer
INFO: Account created MBC1001
Nov 01, 2017 2:17:53 PM Log.Log generateLogFileServer
INFO: Account created MBC1002
Nov 01, 2017 2:17:53 PM Log.Log generateLogFileServer
INFO: Account created MBC1003
Nov 01, 2017 2:17:53 PM Log.Log generateLogFileServer
INFO: Account created MBC1004
Nov 01, 2017 2:58:49 PM Log.Log generateLogFileServer
INFO: Account created MBC1000
Nov 01, 2017 2:58:49 PM Log.Log generateLogFileServer
INFO: Account created MBC1001
Nov 01, 2017 2:58:49 PM Log.Log generateLogFileServer
INFO: Account created MBC1002
Nov 01, 2017 2:58:49 PM Log.Log generateLogFileServer
INFO: Account created MBC1003
Nov 01, 2017 2:58:49 PM Log.Log generateLogFileServer
INFO: Account created MBC1004
Nov 02, 2017 12:57:06 PM Log.Log generateLogFileServer
INFO: Account created MBC1000
Nov 02, 2017 12:57:06 PM Log.Log generateLogFileServer
INFO: Account created MBC1001
Nov 02, 2017 12:57:06 PM Log.Log generateLogFileServer
INFO: Account created MBC1002
Nov 02, 2017 12:57:06 PM Log.Log generateLogFileServer
INFO: Account created MBC1003
Nov 02, 2017 12:57:06 PM Log.Log generateLogFileServer
INFO: Account created MBC1004
Nov 02, 2017 12:58:39 PM Log.Log generateLogFileServer
INFO: Account created MBC1005
Nov 02, 2017 12:58:39 PM Log.Log generateLogFileServer
INFO: Account created MBC1006
Nov 02, 2017 12:58:39 PM Log.Log generateLogFileServer
INFO: Account created MBC1007
Nov 02, 2017 12:58:39 PM Log.Log generateLogFileServer
INFO: Account created MBC1008
Nov 02, 2017 12:58:39 PM Log.Log generateLogFileServer
INFO: Account created MBC1009
Nov 02, 2017 1:00:19 PM Log.Log generateLogFileServer
INFO: Account created MBC1000
Nov 02, 2017 1:00:19 PM Log.Log generateLogFileServer
INFO: Account created MBC1001
Nov 02, 2017 1:00:19 PM Log.Log generateLogFileServer
INFO: Account created MBC1002
Nov 02, 2017 1:00:19 PM Log.Log generateLogFileServer
INFO: Account created MBC1003
Nov 02, 2017 1:00:19 PM Log.Log generateLogFileServer
INFO: Account created MBC1004
Nov 02, 2017 1:05:59 PM Log.Log generateLogFileServer
INFO: Account created MBC1000
Nov 02, 2017 1:05:59 PM Log.Log generateLogFileServer
INFO: Account created MBC1001
Nov 02, 2017 1:05:59 PM Log.Log generateLogFileServer
INFO: Account created MBC1002
Nov 02, 2017 1:05:59 PM Log.Log generateLogFileServer
INFO: Account created MBC1003
Nov 02, 2017 1:06:00 PM Log.Log generateLogFileServer
INFO: Account created MBC1004
Nov 02, 2017 1:08:10 PM Log.Log generateLogFileServer
INFO: Account created MBC1000
Nov 02, 2017 1:08:10 PM Log.Log generateLogFileServer
INFO: Account created MBC1001
Nov 02, 2017 1:08:10 PM Log.Log generateLogFileServer
INFO: Account created MBC1002
Nov 02, 2017 1:08:10 PM Log.Log generateLogFileServer
INFO: Account created MBC1003
Nov 02, 2017 1:08:10 PM Log.Log generateLogFileServer
INFO: Account created MBC1004
Nov 02, 2017 1:09:54 PM Log.Log generateLogFileServer
INFO: Account created MBC1000
Nov 02, 2017 1:09:54 PM Log.Log generateLogFileServer
INFO: Account created MBC1001
Nov 02, 2017 1:09:54 PM Log.Log generateLogFileServer
INFO: Account created MBC1002
Nov 02, 2017 1:09:54 PM Log.Log generateLogFileServer
INFO: Account created MBC1003
Nov 02, 2017 1:09:54 PM Log.Log generateLogFileServer
INFO: Account created MBC1004
Nov 02, 2017 1:12:20 PM Log.Log generateLogFileServer
INFO: Account created MBC1000
Nov 02, 2017 1:12:20 PM Log.Log generateLogFileServer
INFO: Account created MBC1001
Nov 02, 2017 1:12:20 PM Log.Log generateLogFileServer
INFO: Account created MBC1002
Nov 02, 2017 1:12:20 PM Log.Log generateLogFileServer
INFO: Account created MBC1003
Nov 02, 2017 1:12:20 PM Log.Log generateLogFileServer
INFO: Account created MBC1004
Nov 02, 2017 1:14:53 PM Log.Log generateLogFileServer
INFO: Account created MBC1000
Nov 02, 2017 1:14:53 PM Log.Log generateLogFileServer
INFO: Account created MBC1001
Nov 02, 2017 1:14:53 PM Log.Log generateLogFileServer
INFO: Account created MBC1002
Nov 02, 2017 1:14:53 PM Log.Log generateLogFileServer
INFO: Account created MBC1003
Nov 02, 2017 1:14:53 PM Log.Log generateLogFileServer
INFO: Account created MBC1004
Nov 02, 2017 1:21:45 PM Log.Log generateLogFileServer
INFO: Account created MBC1000
Nov 02, 2017 1:21:45 PM Log.Log generateLogFileServer
INFO: Account created MBC1001
Nov 02, 2017 1:21:45 PM Log.Log generateLogFileServer
INFO: Account created MBC1002
Nov 02, 2017 1:21:45 PM Log.Log generateLogFileServer
INFO: Account created MBC1003
Nov 02, 2017 1:21:45 PM Log.Log generateLogFileServer
INFO: Account created MBC1004
Nov 02, 2017 1:24:44 PM Log.Log generateLogFileServer
INFO: Account created MBC1000
Nov 02, 2017 1:24:44 PM Log.Log generateLogFileServer
INFO: Account created MBC1001
Nov 02, 2017 1:24:44 PM Log.Log generateLogFileServer
INFO: Account created MBC1002
Nov 02, 2017 1:24:44 PM Log.Log generateLogFileServer
INFO: Account created MBC1003
Nov 02, 2017 1:24:44 PM Log.Log generateLogFileServer
INFO: Account created MBC1004
Nov 02, 2017 2:20:17 PM Log.Log generateLogFileServer
INFO: Account created MBC1000
Nov 02, 2017 2:20:18 PM Log.Log generateLogFileServer
INFO: Account created MBC1001
Nov 02, 2017 2:20:18 PM Log.Log generateLogFileServer
INFO: Account created MBC1002
Nov 02, 2017 2:20:18 PM Log.Log generateLogFileServer
INFO: Account created MBC1003
Nov 02, 2017 2:20:18 PM Log.Log generateLogFileServer
INFO: Account created MBC1004
