Oct 07, 2017 6:48:58 PM Logs.Log generateLogFileServer
INFO: Account created NBC1000
Oct 07, 2017 6:48:58 PM Logs.Log generateLogFileServer
INFO: Account created NBC1001
Oct 07, 2017 6:48:58 PM Logs.Log generateLogFileServer
INFO: Account created NBC1002
Oct 07, 2017 6:48:58 PM Logs.Log generateLogFileServer
INFO: Account created NBC1003
Oct 07, 2017 6:48:58 PM Logs.Log generateLogFileServer
INFO: Account created NBC1004
Oct 07, 2017 6:52:25 PM Logs.Log generateLogFileServer
INFO: Account created NBC1000
Oct 07, 2017 6:52:25 PM Logs.Log generateLogFileServer
INFO: Account created NBC1001
Oct 07, 2017 6:52:25 PM Logs.Log generateLogFileServer
INFO: Account created NBC1002
Oct 07, 2017 6:52:25 PM Logs.Log generateLogFileServer
INFO: Account created NBC1003
Oct 07, 2017 6:52:25 PM Logs.Log generateLogFileServer
INFO: Account created NBC1004
Oct 07, 2017 6:53:31 PM Logs.Log generateLogFileServer
INFO: Deposit made for NBC1000
Oct 07, 2017 6:53:31 PM Logs.Log generateLogFileServer
INFO: Get balance for NBC1000
Oct 07, 2017 7:32:03 PM Logs.Log generateLogFileServer
INFO: Account created NBC1000
Oct 07, 2017 7:32:03 PM Logs.Log generateLogFileServer
INFO: Account created NBC1001
Oct 07, 2017 7:32:03 PM Logs.Log generateLogFileServer
INFO: Account created NBC1002
Oct 07, 2017 7:32:03 PM Logs.Log generateLogFileServer
INFO: Account created NBC1003
Oct 07, 2017 7:32:03 PM Logs.Log generateLogFileServer
INFO: Account created NBC1004
Oct 08, 2017 11:47:16 AM Logs.Log generateLogFileServer
INFO: Account created NBC1000
Oct 08, 2017 11:47:17 AM Logs.Log generateLogFileServer
INFO: Account created NBC1001
Oct 08, 2017 11:47:17 AM Logs.Log generateLogFileServer
INFO: Account created NBC1002
Oct 08, 2017 11:47:17 AM Logs.Log generateLogFileServer
INFO: Account created NBC1003
Oct 08, 2017 11:47:17 AM Logs.Log generateLogFileServer
INFO: Account created NBC1004
Oct 08, 2017 6:15:32 PM Logs.Log generateLogFileServer
INFO: Account created NBC1000
Oct 08, 2017 6:15:32 PM Logs.Log generateLogFileServer
INFO: Account created NBC1001
Oct 08, 2017 6:15:32 PM Logs.Log generateLogFileServer
INFO: Account created NBC1002
Oct 08, 2017 6:15:32 PM Logs.Log generateLogFileServer
INFO: Account created NBC1003
Oct 08, 2017 6:15:32 PM Logs.Log generateLogFileServer
INFO: Account created NBC1004
Oct 08, 2017 11:21:53 PM Logs.Log generateLogFileServer
INFO: Account created NBC1000
Oct 08, 2017 11:21:53 PM Logs.Log generateLogFileServer
INFO: Account created NBC1001
Oct 08, 2017 11:21:53 PM Logs.Log generateLogFileServer
INFO: Account created NBC1002
Oct 08, 2017 11:21:53 PM Logs.Log generateLogFileServer
INFO: Account created NBC1003
Oct 08, 2017 11:21:53 PM Logs.Log generateLogFileServer
INFO: Account created NBC1004
Oct 10, 2017 4:02:31 PM Logs.Log generateLogFileServer
INFO: Account created NBC1000
Oct 10, 2017 4:02:31 PM Logs.Log generateLogFileServer
INFO: Account created NBC1001
Oct 10, 2017 4:02:31 PM Logs.Log generateLogFileServer
INFO: Account created NBC1002
Oct 10, 2017 4:02:31 PM Logs.Log generateLogFileServer
INFO: Account created NBC1003
Oct 10, 2017 4:02:31 PM Logs.Log generateLogFileServer
INFO: Account created NBC1004
Oct 10, 2017 4:50:07 PM Logs.Log generateLogFileServer
INFO: Account created NBC1005
Oct 10, 2017 4:50:07 PM Logs.Log generateLogFileServer
INFO: Account created NBC1006
Oct 10, 2017 4:50:07 PM Logs.Log generateLogFileServer
INFO: Account created NBC1007
Oct 10, 2017 4:50:07 PM Logs.Log generateLogFileServer
INFO: Account created NBC1008
Oct 10, 2017 4:50:07 PM Logs.Log generateLogFileServer
INFO: Account created NBC1009
Oct 10, 2017 5:48:09 PM Logs.Log generateLogFileServer
INFO: Account created NBC1000
Oct 10, 2017 5:48:09 PM Logs.Log generateLogFileServer
INFO: Account created NBC1001
Oct 10, 2017 5:48:09 PM Logs.Log generateLogFileServer
INFO: Account created NBC1002
Oct 10, 2017 5:48:09 PM Logs.Log generateLogFileServer
INFO: Account created NBC1003
Oct 10, 2017 5:48:09 PM Logs.Log generateLogFileServer
INFO: Account created NBC1004
Oct 10, 2017 5:49:54 PM Logs.Log generateLogFileServer
INFO: Account created NBC1005
Oct 10, 2017 5:52:04 PM Logs.Log generateLogFileServer
INFO: Withdraw  NBC1005
Oct 10, 2017 5:52:04 PM Logs.Log generateLogFileServer
INFO: Get balance for NBC1005
Oct 10, 2017 5:58:29 PM Logs.Log generateLogFileServer
INFO: Account created NBC1000
Oct 26, 2017 5:59:48 PM Log.Log generateLogFileServer
INFO: Account created MBC1000
Oct 26, 2017 5:59:48 PM Log.Log generateLogFileServer
INFO: Account created MBC1001
Oct 26, 2017 5:59:48 PM Log.Log generateLogFileServer
INFO: Account created MBC1002
Oct 26, 2017 5:59:48 PM Log.Log generateLogFileServer
INFO: Account created MBC1003
Oct 26, 2017 5:59:48 PM Log.Log generateLogFileServer
INFO: Account created MBC1004
Oct 26, 2017 6:04:52 PM Log.Log generateLogFileServer
INFO: Account created MBC1000
Oct 26, 2017 6:04:52 PM Log.Log generateLogFileServer
INFO: Account created MBC1001
Oct 26, 2017 6:04:52 PM Log.Log generateLogFileServer
INFO: Account created MBC1002
Oct 26, 2017 6:04:52 PM Log.Log generateLogFileServer
INFO: Account created MBC1003
Oct 26, 2017 6:04:52 PM Log.Log generateLogFileServer
INFO: Account created MBC1004
Oct 26, 2017 6:12:36 PM Log.Log generateLogFileServer
INFO: Account created MBC1000
Oct 26, 2017 6:12:36 PM Log.Log generateLogFileServer
INFO: Account created MBC1001
Oct 26, 2017 6:12:36 PM Log.Log generateLogFileServer
INFO: Account created MBC1002
Oct 26, 2017 6:12:36 PM Log.Log generateLogFileServer
INFO: Account created MBC1003
Oct 26, 2017 6:12:36 PM Log.Log generateLogFileServer
INFO: Account created MBC1004
Oct 26, 2017 6:13:59 PM Log.Log generateLogFileServer
INFO: Account created MBC1000
Oct 26, 2017 6:14:00 PM Log.Log generateLogFileServer
INFO: Account created MBC1001
Oct 26, 2017 6:14:00 PM Log.Log generateLogFileServer
INFO: Account created MBC1002
Oct 26, 2017 6:14:00 PM Log.Log generateLogFileServer
INFO: Account created MBC1003
Oct 26, 2017 6:14:00 PM Log.Log generateLogFileServer
INFO: Account created MBC1004
Oct 26, 2017 6:16:13 PM Log.Log generateLogFileServer
INFO: Account created MBC1000
Oct 26, 2017 6:16:13 PM Log.Log generateLogFileServer
INFO: Account created MBC1001
Oct 26, 2017 6:16:13 PM Log.Log generateLogFileServer
INFO: Account created MBC1002
Oct 26, 2017 6:16:13 PM Log.Log generateLogFileServer
INFO: Account created MBC1003
Oct 26, 2017 6:16:13 PM Log.Log generateLogFileServer
INFO: Account created MBC1004
Oct 26, 2017 6:20:25 PM Log.Log generateLogFileServer
INFO: Account created MBC1000
Oct 26, 2017 6:20:25 PM Log.Log generateLogFileServer
INFO: Account created MBC1001
Oct 26, 2017 6:20:25 PM Log.Log generateLogFileServer
INFO: Account created MBC1002
Oct 26, 2017 6:20:25 PM Log.Log generateLogFileServer
INFO: Account created MBC1003
Oct 26, 2017 6:20:25 PM Log.Log generateLogFileServer
INFO: Account created MBC1004
Oct 27, 2017 2:55:04 PM Log.Log generateLogFileServer
INFO: Account created MBC1000
Oct 27, 2017 2:55:04 PM Log.Log generateLogFileServer
INFO: Account created MBC1001
Oct 27, 2017 2:55:04 PM Log.Log generateLogFileServer
INFO: Account created MBC1002
Oct 27, 2017 2:55:04 PM Log.Log generateLogFileServer
INFO: Account created MBC1003
Oct 27, 2017 2:55:04 PM Log.Log generateLogFileServer
INFO: Account created MBC1004
Oct 27, 2017 3:23:19 PM Log.Log generateLogFileServer
INFO: Account created MBC1000
Oct 27, 2017 3:23:19 PM Log.Log generateLogFileServer
INFO: Account created MBC1001
Oct 27, 2017 3:23:19 PM Log.Log generateLogFileServer
INFO: Account created MBC1002
Oct 27, 2017 3:23:19 PM Log.Log generateLogFileServer
INFO: Account created MBC1003
Oct 27, 2017 3:23:19 PM Log.Log generateLogFileServer
INFO: Account created MBC1004
Oct 27, 2017 4:05:18 PM Log.Log generateLogFileServer
INFO: Account created MBC1000
Oct 27, 2017 4:05:18 PM Log.Log generateLogFileServer
INFO: Account created MBC1001
Oct 27, 2017 4:05:18 PM Log.Log generateLogFileServer
INFO: Account created MBC1002
Oct 27, 2017 4:05:18 PM Log.Log generateLogFileServer
INFO: Account created MBC1003
Oct 27, 2017 4:05:18 PM Log.Log generateLogFileServer
INFO: Account created MBC1004
Oct 27, 2017 4:26:41 PM Log.Log generateLogFileServer
INFO: Account created MBC1000
Oct 27, 2017 4:26:41 PM Log.Log generateLogFileServer
INFO: Account created MBC1001
Oct 27, 2017 4:26:41 PM Log.Log generateLogFileServer
INFO: Account created MBC1002
Oct 27, 2017 4:26:41 PM Log.Log generateLogFileServer
INFO: Account created MBC1003
Oct 27, 2017 4:26:41 PM Log.Log generateLogFileServer
INFO: Account created MBC1004
Oct 27, 2017 6:26:14 PM Log.Log generateLogFileServer
INFO: Account created MBC1000
Oct 27, 2017 6:26:14 PM Log.Log generateLogFileServer
INFO: Account created MBC1001
Oct 27, 2017 6:26:14 PM Log.Log generateLogFileServer
INFO: Account created MBC1002
Oct 27, 2017 6:26:14 PM Log.Log generateLogFileServer
INFO: Account created MBC1003
Oct 27, 2017 6:26:14 PM Log.Log generateLogFileServer
INFO: Account created MBC1004
Oct 27, 2017 7:38:46 PM Log.Log generateLogFileServer
INFO: Account created MBC1000
Oct 27, 2017 7:38:46 PM Log.Log generateLogFileServer
INFO: Account created MBC1001
Oct 27, 2017 7:38:46 PM Log.Log generateLogFileServer
INFO: Account created MBC1002
Oct 27, 2017 7:38:46 PM Log.Log generateLogFileServer
INFO: Account created MBC1003
Oct 27, 2017 7:38:46 PM Log.Log generateLogFileServer
INFO: Account created MBC1004
Oct 27, 2017 7:38:47 PM Log.Log generateLogFileServer
INFO: Get account count
Oct 27, 2017 8:46:46 PM Log.Log generateLogFileServer
INFO: Account created MBC1000
Oct 27, 2017 8:46:46 PM Log.Log generateLogFileServer
INFO: Account created MBC1001
Oct 27, 2017 8:46:46 PM Log.Log generateLogFileServer
INFO: Account created MBC1002
Oct 27, 2017 8:46:46 PM Log.Log generateLogFileServer
INFO: Account created MBC1003
Oct 27, 2017 8:46:46 PM Log.Log generateLogFileServer
INFO: Account created MBC1004
Oct 27, 2017 8:46:46 PM Log.Log generateLogFileServer
INFO: Get account count
Oct 27, 2017 8:54:33 PM Log.Log generateLogFileServer
INFO: Account created NBC1000
Oct 27, 2017 8:54:33 PM Log.Log generateLogFileServer
INFO: Account created NBC1001
Oct 27, 2017 8:54:33 PM Log.Log generateLogFileServer
INFO: Account created NBC1002
Oct 27, 2017 8:54:33 PM Log.Log generateLogFileServer
INFO: Account created NBC1003
Oct 27, 2017 8:54:33 PM Log.Log generateLogFileServer
INFO: Account created NBC1004
Oct 27, 2017 8:54:33 PM Log.Log generateLogFileServer
INFO: Get account count
Oct 27, 2017 8:56:07 PM Log.Log generateLogFileServer
INFO: Deposit made for NBC1000
Oct 27, 2017 8:56:48 PM Log.Log generateLogFileServer
INFO: Get balance for NBC1000
Oct 27, 2017 9:19:39 PM Log.Log generateLogFileServer
INFO: Account created NBC1005
Oct 27, 2017 9:19:39 PM Log.Log generateLogFileServer
INFO: Account created NBC1006
Oct 27, 2017 9:19:39 PM Log.Log generateLogFileServer
INFO: Account created NBC1007
Oct 27, 2017 9:19:39 PM Log.Log generateLogFileServer
INFO: Account created NBC1008
Oct 27, 2017 9:19:39 PM Log.Log generateLogFileServer
INFO: Account created NBC1009
Oct 27, 2017 9:19:39 PM Log.Log generateLogFileServer
INFO: Get account count
Oct 27, 2017 9:23:47 PM Log.Log generateLogFileServer
INFO: Account created NBC1010
Oct 27, 2017 9:23:47 PM Log.Log generateLogFileServer
INFO: Account created NBC1011
Oct 27, 2017 9:23:47 PM Log.Log generateLogFileServer
INFO: Account created NBC1012
Oct 27, 2017 9:23:47 PM Log.Log generateLogFileServer
INFO: Account created NBC1013
Oct 27, 2017 9:23:47 PM Log.Log generateLogFileServer
INFO: Account created NBC1014
Oct 27, 2017 9:23:47 PM Log.Log generateLogFileServer
INFO: Get account count
Oct 27, 2017 9:25:14 PM Log.Log generateLogFileServer
INFO: Account created NBC1015
Oct 27, 2017 9:25:14 PM Log.Log generateLogFileServer
INFO: Account created NBC1016
Oct 27, 2017 9:25:14 PM Log.Log generateLogFileServer
INFO: Account created NBC1017
Oct 27, 2017 9:25:14 PM Log.Log generateLogFileServer
INFO: Account created NBC1018
Oct 27, 2017 9:25:14 PM Log.Log generateLogFileServer
INFO: Account created NBC1019
Oct 27, 2017 9:25:14 PM Log.Log generateLogFileServer
INFO: Get account count
Oct 27, 2017 9:27:01 PM Log.Log generateLogFileServer
INFO: Account created NBC1020
Oct 27, 2017 9:27:01 PM Log.Log generateLogFileServer
INFO: Account created NBC1021
Oct 27, 2017 9:27:01 PM Log.Log generateLogFileServer
INFO: Account created NBC1022
Oct 27, 2017 9:27:01 PM Log.Log generateLogFileServer
INFO: Account created NBC1023
Oct 27, 2017 9:27:01 PM Log.Log generateLogFileServer
INFO: Account created NBC1024
Oct 27, 2017 9:27:01 PM Log.Log generateLogFileServer
INFO: Get account count
Oct 27, 2017 9:28:16 PM Log.Log generateLogFileServer
INFO: Deposit made for NBC1000
Oct 27, 2017 9:45:42 PM Log.Log generateLogFileServer
INFO: Account created NBC1000
Oct 27, 2017 9:45:42 PM Log.Log generateLogFileServer
INFO: Account created NBC1001
Oct 27, 2017 9:45:42 PM Log.Log generateLogFileServer
INFO: Account created NBC1002
Oct 27, 2017 9:45:42 PM Log.Log generateLogFileServer
INFO: Account created NBC1003
Oct 27, 2017 9:45:42 PM Log.Log generateLogFileServer
INFO: Account created NBC1004
Oct 27, 2017 9:45:42 PM Log.Log generateLogFileServer
INFO: Get account count
Oct 27, 2017 9:46:05 PM Log.Log generateLogFileServer
INFO: Account created NBC1005
Oct 27, 2017 9:46:05 PM Log.Log generateLogFileServer
INFO: Account created NBC1006
Oct 27, 2017 9:46:05 PM Log.Log generateLogFileServer
INFO: Account created NBC1007
Oct 27, 2017 9:46:05 PM Log.Log generateLogFileServer
INFO: Account created NBC1008
Oct 27, 2017 9:46:05 PM Log.Log generateLogFileServer
INFO: Account created NBC1009
Oct 27, 2017 9:46:05 PM Log.Log generateLogFileServer
INFO: Get account count
Oct 27, 2017 9:52:23 PM Log.Log generateLogFileServer
INFO: Account created NBC1000
Oct 27, 2017 9:52:23 PM Log.Log generateLogFileServer
INFO: Account created NBC1001
Oct 27, 2017 9:52:23 PM Log.Log generateLogFileServer
INFO: Account created NBC1002
Oct 27, 2017 9:52:23 PM Log.Log generateLogFileServer
INFO: Account created NBC1003
Oct 27, 2017 9:52:23 PM Log.Log generateLogFileServer
INFO: Account created NBC1004
Oct 27, 2017 9:52:23 PM Log.Log generateLogFileServer
INFO: Get account count
Oct 29, 2017 3:15:41 PM Log.Log generateLogFileServer
INFO: Account created NBC1000
Oct 29, 2017 3:15:41 PM Log.Log generateLogFileServer
INFO: Account created NBC1001
Oct 29, 2017 3:15:41 PM Log.Log generateLogFileServer
INFO: Account created NBC1002
Oct 29, 2017 3:15:41 PM Log.Log generateLogFileServer
INFO: Account created NBC1003
Oct 29, 2017 3:15:41 PM Log.Log generateLogFileServer
INFO: Account created NBC1004
Oct 29, 2017 3:16:04 PM Log.Log generateLogFileServer
INFO: Account created NBC1005
Oct 29, 2017 3:16:04 PM Log.Log generateLogFileServer
INFO: Account created NBC1006
Oct 29, 2017 3:16:04 PM Log.Log generateLogFileServer
INFO: Account created NBC1007
Oct 29, 2017 3:16:04 PM Log.Log generateLogFileServer
INFO: Account created NBC1008
Oct 29, 2017 3:16:04 PM Log.Log generateLogFileServer
INFO: Account created NBC1009
Oct 29, 2017 3:17:06 PM Log.Log generateLogFileServer
INFO: Account created NBC1000
Oct 29, 2017 3:17:06 PM Log.Log generateLogFileServer
INFO: Account created NBC1001
Oct 29, 2017 3:17:06 PM Log.Log generateLogFileServer
INFO: Account created NBC1002
Oct 29, 2017 3:17:06 PM Log.Log generateLogFileServer
INFO: Account created NBC1003
Oct 29, 2017 3:17:06 PM Log.Log generateLogFileServer
INFO: Account created NBC1004
Oct 29, 2017 3:17:06 PM Log.Log generateLogFileServer
INFO: Get account count
Oct 29, 2017 7:52:57 PM Log.Log generateLogFileServer
INFO: Account created NBC1000
Oct 29, 2017 7:52:57 PM Log.Log generateLogFileServer
INFO: Account created NBC1001
Oct 29, 2017 7:52:57 PM Log.Log generateLogFileServer
INFO: Account created NBC1002
Oct 29, 2017 7:52:57 PM Log.Log generateLogFileServer
INFO: Account created NBC1003
Oct 29, 2017 7:52:57 PM Log.Log generateLogFileServer
INFO: Account created NBC1004
Oct 29, 2017 7:52:57 PM Log.Log generateLogFileServer
INFO: Get account count
Oct 29, 2017 8:55:01 PM Log.Log generateLogFileServer
INFO: Account created NBC1000
Oct 29, 2017 8:55:01 PM Log.Log generateLogFileServer
INFO: Account created NBC1001
Oct 29, 2017 8:55:01 PM Log.Log generateLogFileServer
INFO: Account created NBC1002
Oct 29, 2017 8:55:01 PM Log.Log generateLogFileServer
INFO: Account created NBC1003
Oct 29, 2017 8:55:01 PM Log.Log generateLogFileServer
INFO: Account created NBC1004
Oct 29, 2017 8:55:01 PM Log.Log generateLogFileServer
INFO: Get account count
Nov 01, 2017 2:17:53 PM Log.Log generateLogFileServer
INFO: Account created NBC1000
Nov 01, 2017 2:17:53 PM Log.Log generateLogFileServer
INFO: Account created NBC1001
Nov 01, 2017 2:17:53 PM Log.Log generateLogFileServer
INFO: Account created NBC1002
Nov 01, 2017 2:17:53 PM Log.Log generateLogFileServer
INFO: Account created NBC1003
Nov 01, 2017 2:17:53 PM Log.Log generateLogFileServer
INFO: Account created NBC1004
Nov 01, 2017 2:17:53 PM Log.Log generateLogFileServer
INFO: Get account count
Nov 01, 2017 2:58:49 PM Log.Log generateLogFileServer
INFO: Account created NBC1000
Nov 01, 2017 2:58:49 PM Log.Log generateLogFileServer
INFO: Account created NBC1001
Nov 01, 2017 2:58:49 PM Log.Log generateLogFileServer
INFO: Account created NBC1002
Nov 01, 2017 2:58:49 PM Log.Log generateLogFileServer
INFO: Account created NBC1003
Nov 01, 2017 2:58:49 PM Log.Log generateLogFileServer
INFO: Account created NBC1004
Nov 01, 2017 2:58:49 PM Log.Log generateLogFileServer
INFO: Get account count
Nov 02, 2017 12:57:06 PM Log.Log generateLogFileServer
INFO: Account created NBC1000
Nov 02, 2017 12:57:06 PM Log.Log generateLogFileServer
INFO: Account created NBC1001
Nov 02, 2017 12:57:06 PM Log.Log generateLogFileServer
INFO: Account created NBC1002
Nov 02, 2017 12:57:06 PM Log.Log generateLogFileServer
INFO: Account created NBC1003
Nov 02, 2017 12:57:06 PM Log.Log generateLogFileServer
INFO: Account created NBC1004
Nov 02, 2017 12:57:06 PM Log.Log generateLogFileServer
INFO: Get account count
Nov 02, 2017 12:58:39 PM Log.Log generateLogFileServer
INFO: Account created NBC1005
Nov 02, 2017 12:58:39 PM Log.Log generateLogFileServer
INFO: Account created NBC1006
Nov 02, 2017 12:58:39 PM Log.Log generateLogFileServer
INFO: Account created NBC1007
Nov 02, 2017 12:58:39 PM Log.Log generateLogFileServer
INFO: Account created NBC1008
Nov 02, 2017 12:58:39 PM Log.Log generateLogFileServer
INFO: Account created NBC1009
Nov 02, 2017 12:58:39 PM Log.Log generateLogFileServer
INFO: Get account count
Nov 02, 2017 1:00:19 PM Log.Log generateLogFileServer
INFO: Account created NBC1000
Nov 02, 2017 1:00:19 PM Log.Log generateLogFileServer
INFO: Account created NBC1001
Nov 02, 2017 1:00:19 PM Log.Log generateLogFileServer
INFO: Account created NBC1002
Nov 02, 2017 1:00:19 PM Log.Log generateLogFileServer
INFO: Account created NBC1003
Nov 02, 2017 1:00:19 PM Log.Log generateLogFileServer
INFO: Account created NBC1004
Nov 02, 2017 1:00:19 PM Log.Log generateLogFileServer
INFO: Get account count
Nov 02, 2017 1:05:59 PM Log.Log generateLogFileServer
INFO: Account created NBC1000
Nov 02, 2017 1:05:59 PM Log.Log generateLogFileServer
INFO: Account created NBC1001
Nov 02, 2017 1:05:59 PM Log.Log generateLogFileServer
INFO: Account created NBC1002
Nov 02, 2017 1:05:59 PM Log.Log generateLogFileServer
INFO: Account created NBC1003
Nov 02, 2017 1:05:59 PM Log.Log generateLogFileServer
INFO: Account created NBC1004
Nov 02, 2017 1:06:00 PM Log.Log generateLogFileServer
INFO: Get account count
Nov 02, 2017 1:08:10 PM Log.Log generateLogFileServer
INFO: Account created NBC1000
Nov 02, 2017 1:08:10 PM Log.Log generateLogFileServer
INFO: Account created NBC1001
Nov 02, 2017 1:08:10 PM Log.Log generateLogFileServer
INFO: Account created NBC1002
Nov 02, 2017 1:08:10 PM Log.Log generateLogFileServer
INFO: Account created NBC1003
Nov 02, 2017 1:08:10 PM Log.Log generateLogFileServer
INFO: Account created NBC1004
Nov 02, 2017 1:08:10 PM Log.Log generateLogFileServer
INFO: Get account count
Nov 02, 2017 1:09:54 PM Log.Log generateLogFileServer
INFO: Account created NBC1000
Nov 02, 2017 1:09:54 PM Log.Log generateLogFileServer
INFO: Account created NBC1001
Nov 02, 2017 1:09:54 PM Log.Log generateLogFileServer
INFO: Account created NBC1002
Nov 02, 2017 1:09:54 PM Log.Log generateLogFileServer
INFO: Account created NBC1003
Nov 02, 2017 1:09:54 PM Log.Log generateLogFileServer
INFO: Account created NBC1004
Nov 02, 2017 1:09:54 PM Log.Log generateLogFileServer
INFO: Get account count
Nov 02, 2017 1:12:20 PM Log.Log generateLogFileServer
INFO: Account created NBC1000
Nov 02, 2017 1:12:20 PM Log.Log generateLogFileServer
INFO: Account created NBC1001
Nov 02, 2017 1:12:20 PM Log.Log generateLogFileServer
INFO: Account created NBC1002
Nov 02, 2017 1:12:20 PM Log.Log generateLogFileServer
INFO: Account created NBC1003
Nov 02, 2017 1:12:20 PM Log.Log generateLogFileServer
INFO: Account created NBC1004
Nov 02, 2017 1:12:20 PM Log.Log generateLogFileServer
INFO: Get account count
Nov 02, 2017 1:14:53 PM Log.Log generateLogFileServer
INFO: Account created NBC1000
Nov 02, 2017 1:14:53 PM Log.Log generateLogFileServer
INFO: Account created NBC1001
Nov 02, 2017 1:14:53 PM Log.Log generateLogFileServer
INFO: Account created NBC1002
Nov 02, 2017 1:14:53 PM Log.Log generateLogFileServer
INFO: Account created NBC1003
Nov 02, 2017 1:14:53 PM Log.Log generateLogFileServer
INFO: Account created NBC1004
Nov 02, 2017 1:14:53 PM Log.Log generateLogFileServer
INFO: Get account count
Nov 02, 2017 1:21:45 PM Log.Log generateLogFileServer
INFO: Account created NBC1000
Nov 02, 2017 1:21:45 PM Log.Log generateLogFileServer
INFO: Account created NBC1001
Nov 02, 2017 1:21:45 PM Log.Log generateLogFileServer
INFO: Account created NBC1002
Nov 02, 2017 1:21:45 PM Log.Log generateLogFileServer
INFO: Account created NBC1003
Nov 02, 2017 1:21:45 PM Log.Log generateLogFileServer
INFO: Account created NBC1004
Nov 02, 2017 1:21:45 PM Log.Log generateLogFileServer
INFO: Get account count
Nov 02, 2017 1:24:44 PM Log.Log generateLogFileServer
INFO: Account created NBC1000
Nov 02, 2017 1:24:44 PM Log.Log generateLogFileServer
INFO: Account created NBC1001
Nov 02, 2017 1:24:44 PM Log.Log generateLogFileServer
INFO: Account created NBC1002
Nov 02, 2017 1:24:44 PM Log.Log generateLogFileServer
INFO: Account created NBC1003
Nov 02, 2017 1:24:44 PM Log.Log generateLogFileServer
INFO: Account created NBC1004
Nov 02, 2017 1:24:45 PM Log.Log generateLogFileServer
INFO: Get account count
Nov 02, 2017 2:20:17 PM Log.Log generateLogFileServer
INFO: Account created NBC1000
Nov 02, 2017 2:20:17 PM Log.Log generateLogFileServer
INFO: Account created NBC1001
Nov 02, 2017 2:20:17 PM Log.Log generateLogFileServer
INFO: Account created NBC1002
Nov 02, 2017 2:20:17 PM Log.Log generateLogFileServer
INFO: Account created NBC1003
Nov 02, 2017 2:20:17 PM Log.Log generateLogFileServer
INFO: Account created NBC1004
Nov 02, 2017 2:20:18 PM Log.Log generateLogFileServer
INFO: Get account count
