Oct 29, 2017 3:19:02 PM Log.Log generateLogFileClient
INFO: Balance check 
Oct 29, 2017 8:55:51 PM Log.Log generateLogFileClient
INFO: Balance check 
Nov 02, 2017 12:57:35 PM Log.Log generateLogFileClient
INFO: Transfer balance to BCC1001 from BCC1000 failed
Nov 02, 2017 12:57:48 PM Log.Log generateLogFileClient
INFO: Get account count 
Nov 02, 2017 12:58:13 PM Log.Log generateLogFileClient
INFO: Transfer balance to QCC1000 from BCC1000 failed
Nov 02, 2017 12:58:26 PM Log.Log generateLogFileClient
INFO: Balance check 
Nov 02, 2017 12:58:59 PM Log.Log generateLogFileClient
INFO: Deposit successful 
Nov 02, 2017 1:00:33 PM Log.Log generateLogFileClient
INFO: Deposit successful 
Nov 02, 2017 1:06:16 PM Log.Log generateLogFileClient
INFO: Deposit successful 
Nov 02, 2017 1:10:12 PM Log.Log generateLogFileClient
INFO: Deposit successful 
Nov 02, 2017 1:12:46 PM Log.Log generateLogFileClient
INFO: Deposit successful 
Nov 02, 2017 1:15:05 PM Log.Log generateLogFileClient
INFO: Deposit successful 
Nov 02, 2017 1:25:00 PM Log.Log generateLogFileClient
INFO: Deposit successful 
Nov 02, 2017 1:25:14 PM Log.Log generateLogFileClient
INFO: Transfer balance to QCC1000 from BCC1000
